<?xml version="1.0" encoding="UTF-8"?>
<!-- Generated by org.testng.reporters.JUnitXMLReporter -->
<testsuite ignored="0" hostname="DESKTOP-GBMU59R" failures="0" tests="7" name="Chrome Test" time="202.72" errors="0" timestamp="2024-06-17T20:10:32 IST">
  <testcase classname="com.qalegend.base.BaseFile" name="@BeforeMethod setup" time="103.824">
    <failure type="org.openqa.selenium.WebDriverException" message="unknown error: net::ERR_NAME_NOT_RESOLVED
  (Session info: chrome=125.0.6422.142)
Build info: version: &amp;apos;4.19.1&amp;apos;, revision: &amp;apos;abe0ee07dc&amp;apos;
System info: os.name: &amp;apos;Windows 10&amp;apos;, os.arch: &amp;apos;amd64&amp;apos;, os.version: &amp;apos;10.0&amp;apos;, java.version: &amp;apos;17.0.1&amp;apos;
Driver info: org.openqa.selenium.chrome.ChromeDriver
Command: [a181786e8a1dd70d5c9c0e2eefea5f88, get {url=https://qalegend.com/billing/public/login}]
Capabilities {acceptInsecureCerts: false, browserName: chrome, browserVersion: 125.0.6422.142, chrome: {chromedriverVersion: 125.0.6422.141 (4b1e8393712..., userDataDir: C:\Users\user\AppData\Local...}, fedcm:accounts: true, goog:chromeOptions: {debuggerAddress: localhost:53866}, networkConnectionEnabled: false, pageLoadStrategy: normal, platformName: windows, proxy: Proxy(), se:cdp: ws://localhost:53866/devtoo..., se:cdpVersion: 125.0.6422.142, setWindowRect: true, strictFileInteractability: false, timeouts: {implicit: 0, pageLoad: 300000, script: 30000}, unhandledPromptBehavior: dismiss and notify, webauthn:extension:credBlob: true, webauthn:extension:largeBlob: true, webauthn:extension:minPinLength: true, webauthn:extension:prf: true, webauthn:virtualAuthenticators: true}
Session ID: a181786e8a1dd70d5c9c0e2eefea5f88">
      <![CDATA[org.openqa.selenium.WebDriverException: unknown error: net::ERR_NAME_NOT_RESOLVED
  (Session info: chrome=125.0.6422.142)
Build info: version: '4.19.1', revision: 'abe0ee07dc'
System info: os.name: 'Windows 10', os.arch: 'amd64', os.version: '10.0', java.version: '17.0.1'
Driver info: org.openqa.selenium.chrome.ChromeDriver
Command: [a181786e8a1dd70d5c9c0e2eefea5f88, get {url=https://qalegend.com/billing/public/login}]
Capabilities {acceptInsecureCerts: false, browserName: chrome, browserVersion: 125.0.6422.142, chrome: {chromedriverVersion: 125.0.6422.141 (4b1e8393712..., userDataDir: C:\Users\user\AppData\Local...}, fedcm:accounts: true, goog:chromeOptions: {debuggerAddress: localhost:53866}, networkConnectionEnabled: false, pageLoadStrategy: normal, platformName: windows, proxy: Proxy(), se:cdp: ws://localhost:53866/devtoo..., se:cdpVersion: 125.0.6422.142, setWindowRect: true, strictFileInteractability: false, timeouts: {implicit: 0, pageLoad: 300000, script: 30000}, unhandledPromptBehavior: dismiss and notify, webauthn:extension:credBlob: true, webauthn:extension:largeBlob: true, webauthn:extension:minPinLength: true, webauthn:extension:prf: true, webauthn:virtualAuthenticators: true}
Session ID: a181786e8a1dd70d5c9c0e2eefea5f88
at org.openqa.selenium.remote.ErrorCodec.decode(ErrorCodec.java:167)
at org.openqa.selenium.remote.codec.w3c.W3CHttpResponseCodec.decode(W3CHttpResponseCodec.java:138)
at org.openqa.selenium.remote.codec.w3c.W3CHttpResponseCodec.decode(W3CHttpResponseCodec.java:50)
at org.openqa.selenium.remote.HttpCommandExecutor.execute(HttpCommandExecutor.java:190)
at org.openqa.selenium.remote.service.DriverCommandExecutor.invokeExecute(DriverCommandExecutor.java:216)
at org.openqa.selenium.remote.service.DriverCommandExecutor.execute(DriverCommandExecutor.java:174)
at org.openqa.selenium.remote.RemoteWebDriver.execute(RemoteWebDriver.java:518)
at org.openqa.selenium.remote.RemoteWebDriver.get(RemoteWebDriver.java:300)
at com.qalegend.base.BaseFile.setup(BaseFile.java:45)
at java.base/java.util.ArrayList.forEach(ArrayList.java:1511)
... Removed 36 stack frames]]>
    </failure>
  </testcase> <!-- @BeforeMethod setup -->
  <testcase classname="com.qalegend.base.BaseFile" name="@AfterMethod closeBrowser" time="-1.718635133449E9">
    <skipped/>
  </testcase> <!-- @AfterMethod closeBrowser -->
  <testcase classname="com.qalegend.base.BaseFile" name="@BeforeMethod setup" time="-1.718635133461E9">
    <skipped/>
  </testcase> <!-- @BeforeMethod setup -->
  <testcase classname="com.qalegend.base.BaseFile" name="@AfterMethod closeBrowser" time="-1.718635133467E9">
    <skipped/>
  </testcase> <!-- @AfterMethod closeBrowser -->
  <testcase classname="com.qalegend.base.BaseFile" name="@BeforeMethod setup" time="-1.718635133469E9">
    <skipped/>
  </testcase> <!-- @BeforeMethod setup -->
  <testcase classname="com.qalegend.base.BaseFile" name="@AfterMethod closeBrowser" time="-1.718635133477E9">
    <skipped/>
  </testcase> <!-- @AfterMethod closeBrowser -->
  <testcase classname="com.qalegend.base.BaseFile" name="@BeforeMethod setup" time="-1.718635133479E9">
    <skipped/>
  </testcase> <!-- @BeforeMethod setup -->
  <testcase classname="com.qalegend.base.BaseFile" name="@AfterMethod closeBrowser" time="-1.718635133488E9">
    <skipped/>
  </testcase> <!-- @AfterMethod closeBrowser -->
  <testcase classname="com.qalegend.tests.LoginPageTest" name="verifyUserLogin" time="0.0">
    <skipped/>
  </testcase> <!-- verifyUserLogin -->
  <testcase classname="com.qalegend.tests.LoginPageTest" name="verifyUserLoginWithInvalidCredentials" time="0.0">
    <skipped/>
  </testcase> <!-- verifyUserLoginWithInvalidCredentials -->
  <testcase classname="com.qalegend.tests.LoginPageTest" name="verifyUserLoginWithInvalidCredentials" time="0.0">
    <skipped/>
  </testcase> <!-- verifyUserLoginWithInvalidCredentials -->
  <testcase classname="com.qalegend.tests.LoginPageTest" name="verifyUserLoginWithInvalidCredentials" time="0.0">
    <skipped/>
  </testcase> <!-- verifyUserLoginWithInvalidCredentials -->
  <testcase classname="com.qalegend.tests.ResetPasswordPageTest" name="veriyErrorMessageWithInvalidMailId" time="2.751">
    <skipped/>
  </testcase> <!-- veriyErrorMessageWithInvalidMailId -->
  <testcase classname="com.qalegend.tests.ResetPasswordPageTest" name="veriyErrorMessageWithInvalidMailId" time="2.188"/>
  <testcase classname="com.qalegend.tests.ResetPasswordPageTest" name="veriySuccessMessageWithValidMailId" time="3.365"/>
</testsuite> <!-- Chrome Test -->
