<?xml version="1.0" encoding="UTF-8"?>
<!-- Generated by org.testng.reporters.JUnitXMLReporter -->
<testsuite ignored="0" hostname="DESKTOP-GBMU59R" failures="4" tests="16" name="QaLegend Test" time="2.216" errors="0" timestamp="2024-06-16T02:35:11 IST">
  <testcase classname="com.qalegend.tests.HomePageTest" name="VerifyHomePageTitle" time="1.29">
    <skipped/>
  </testcase> <!-- VerifyHomePageTitle -->
  <testcase classname="com.qalegend.tests.HomePageTest" name="VerifyHomePageTitle" time="0.109">
    <skipped/>
  </testcase> <!-- VerifyHomePageTitle -->
  <testcase classname="com.qalegend.tests.HomePageTest" name="VerifyHomePageTitle" time="0.077">
    <skipped/>
  </testcase> <!-- VerifyHomePageTitle -->
  <testcase classname="com.qalegend.tests.HomePageTest" name="VerifyHomePageTitle" time="0.09">
    <failure type="java.lang.NullPointerException" message="Cannot invoke &amp;quot;org.openqa.selenium.SearchContext.findElement(org.openqa.selenium.By)&amp;quot; because &amp;quot;this.searchContext&amp;quot; is null">
      <![CDATA[java.lang.NullPointerException: Cannot invoke "org.openqa.selenium.SearchContext.findElement(org.openqa.selenium.By)" because "this.searchContext" is null
at org.openqa.selenium.support.pagefactory.DefaultElementLocator.findElement(DefaultElementLocator.java:68)
at org.openqa.selenium.support.pagefactory.internal.LocatingElementHandler.invoke(LocatingElementHandler.java:38)
at jdk.proxy2/jdk.proxy2.$Proxy16.sendKeys(Unknown Source)
at com.qalegend.pages.LoginPage.enterUserName(LoginPage.java:31)
at com.qalegend.tests.HomePageTest.VerifyHomePageTitle(HomePageTest.java:22)
at java.base/java.util.ArrayList.forEach(ArrayList.java:1511)
... Removed 27 stack frames]]>
    </failure>
  </testcase> <!-- VerifyHomePageTitle -->
  <testcase classname="com.qalegend.tests.HomePageTest" name="verifyUserLoginDate" time="0.105">
    <skipped/>
  </testcase> <!-- verifyUserLoginDate -->
  <testcase classname="com.qalegend.tests.HomePageTest" name="verifyUserLoginDate" time="0.061">
    <skipped/>
  </testcase> <!-- verifyUserLoginDate -->
  <testcase classname="com.qalegend.tests.HomePageTest" name="verifyUserLoginDate" time="0.068">
    <skipped/>
  </testcase> <!-- verifyUserLoginDate -->
  <testcase classname="com.qalegend.tests.HomePageTest" name="verifyUserLoginDate" time="0.076">
    <failure type="java.lang.NullPointerException" message="Cannot invoke &amp;quot;org.openqa.selenium.SearchContext.findElement(org.openqa.selenium.By)&amp;quot; because &amp;quot;this.searchContext&amp;quot; is null">
      <![CDATA[java.lang.NullPointerException: Cannot invoke "org.openqa.selenium.SearchContext.findElement(org.openqa.selenium.By)" because "this.searchContext" is null
at org.openqa.selenium.support.pagefactory.DefaultElementLocator.findElement(DefaultElementLocator.java:68)
at org.openqa.selenium.support.pagefactory.internal.LocatingElementHandler.invoke(LocatingElementHandler.java:38)
at jdk.proxy2/jdk.proxy2.$Proxy16.sendKeys(Unknown Source)
at com.qalegend.pages.LoginPage.enterUserName(LoginPage.java:31)
at com.qalegend.tests.HomePageTest.verifyUserLoginDate(HomePageTest.java:37)
at java.base/java.util.ArrayList.forEach(ArrayList.java:1511)
... Removed 27 stack frames]]>
    </failure>
  </testcase> <!-- verifyUserLoginDate -->
  <testcase classname="com.qalegend.tests.ResetPasswordPageTest" name="veriyErrorMessageWithInvalidMailId" time="0.035">
    <skipped/>
  </testcase> <!-- veriyErrorMessageWithInvalidMailId -->
  <testcase classname="com.qalegend.tests.ResetPasswordPageTest" name="veriyErrorMessageWithInvalidMailId" time="0.03">
    <skipped/>
  </testcase> <!-- veriyErrorMessageWithInvalidMailId -->
  <testcase classname="com.qalegend.tests.ResetPasswordPageTest" name="veriyErrorMessageWithInvalidMailId" time="0.029">
    <skipped/>
  </testcase> <!-- veriyErrorMessageWithInvalidMailId -->
  <testcase classname="com.qalegend.tests.ResetPasswordPageTest" name="veriyErrorMessageWithInvalidMailId" time="0.023">
    <failure type="java.lang.NullPointerException" message="Cannot invoke &amp;quot;org.openqa.selenium.SearchContext.findElement(org.openqa.selenium.By)&amp;quot; because &amp;quot;this.searchContext&amp;quot; is null">
      <![CDATA[java.lang.NullPointerException: Cannot invoke "org.openqa.selenium.SearchContext.findElement(org.openqa.selenium.By)" because "this.searchContext" is null
at org.openqa.selenium.support.pagefactory.DefaultElementLocator.findElement(DefaultElementLocator.java:68)
at org.openqa.selenium.support.pagefactory.internal.LocatingElementHandler.invoke(LocatingElementHandler.java:38)
at jdk.proxy2/jdk.proxy2.$Proxy16.click(Unknown Source)
at com.qalegend.pages.LoginPage.clickOnForgotPasswordLink(LoginPage.java:53)
at com.qalegend.tests.ResetPasswordPageTest.veriyErrorMessageWithInvalidMailId(ResetPasswordPageTest.java:23)
at java.base/java.util.ArrayList.forEach(ArrayList.java:1511)
... Removed 27 stack frames]]>
    </failure>
  </testcase> <!-- veriyErrorMessageWithInvalidMailId -->
  <testcase classname="com.qalegend.tests.ResetPasswordPageTest" name="veriySuccessMessageWithValidMailId" time="0.029">
    <skipped/>
  </testcase> <!-- veriySuccessMessageWithValidMailId -->
  <testcase classname="com.qalegend.tests.ResetPasswordPageTest" name="veriySuccessMessageWithValidMailId" time="0.055">
    <skipped/>
  </testcase> <!-- veriySuccessMessageWithValidMailId -->
  <testcase classname="com.qalegend.tests.ResetPasswordPageTest" name="veriySuccessMessageWithValidMailId" time="0.033">
    <skipped/>
  </testcase> <!-- veriySuccessMessageWithValidMailId -->
  <testcase classname="com.qalegend.tests.ResetPasswordPageTest" name="veriySuccessMessageWithValidMailId" time="0.032">
    <failure type="java.lang.NullPointerException" message="Cannot invoke &amp;quot;org.openqa.selenium.SearchContext.findElement(org.openqa.selenium.By)&amp;quot; because &amp;quot;this.searchContext&amp;quot; is null">
      <![CDATA[java.lang.NullPointerException: Cannot invoke "org.openqa.selenium.SearchContext.findElement(org.openqa.selenium.By)" because "this.searchContext" is null
at org.openqa.selenium.support.pagefactory.DefaultElementLocator.findElement(DefaultElementLocator.java:68)
at org.openqa.selenium.support.pagefactory.internal.LocatingElementHandler.invoke(LocatingElementHandler.java:38)
at jdk.proxy2/jdk.proxy2.$Proxy16.click(Unknown Source)
at com.qalegend.pages.LoginPage.clickOnForgotPasswordLink(LoginPage.java:53)
at com.qalegend.tests.ResetPasswordPageTest.veriySuccessMessageWithValidMailId(ResetPasswordPageTest.java:37)
at java.base/java.util.ArrayList.forEach(ArrayList.java:1511)
... Removed 27 stack frames]]>
    </failure>
  </testcase> <!-- veriySuccessMessageWithValidMailId -->
</testsuite> <!-- QaLegend Test -->
